<?xml version="1.0" encoding="UTF-8"?>
<!-- Generated by org.testng.reporters.JUnitReportReporter -->
<testsuite skipped="0" hostname="DESKTOP-OQNCK28" name="mypro.MyStore" tests="3" failures="0" timestamp="2020-07-15T22:34:00 IST" time="25.351" errors="0">
  <testcase name="registration" time="13.860" classname="mypro.MyStore"/>
  <system-out/>
  <testcase name="loginCredentials" time="2.603" classname="mypro.MyStore"/>
  <system-out/>
  <testcase name="searchbarAndAddToCart" time="8.888" classname="mypro.MyStore"/>
  <system-out/>
</testsuite> <!-- mypro.MyStore -->
